<root><a><b><c xmlns="http://x">C&lt;&gt;&amp;"']]&gt;</c></b></a></root>