<root><a><b><c xmlns="http://x">C</c></b></a></root>