<!--
  ~ Copyright (c) 2020, Jonathan Revusky revusky@freemarker.es
  ~
  ~ Redistribution and use in source and binary forms, with or without
  ~ modification, are permitted provided that the following conditions are met:
  ~
  ~ 1. Redistributions of source code must retain the above copyright notice, this
  ~     list of conditions and  the following disclaimer.
  ~ 2. Redistributions in binary form must reproduce the above copyright notice,
  ~      this list of conditions and the following disclaimer in the documentation
  ~      and/or other materials provided with the distribution.
  ~
  ~ THIS SOFTWARE IS PROVIDED BY THE COPYRIGHT HOLDER AND CONTRIBUTORS "AS IS" AND
  ~ ANY EXPRESS OR IMPLIED WARRANTIES, INCLUDING, BUT NOT LIMITED TO, THE IMPLIED
  ~ WARRANTIES OF MERCHANTABILITY AND FITNESS FOR A PARTICULAR PURPOSE ARE
  ~ DISCLAIMED. IN NO EVENT SHALL THE COPYRIGHT OWNER OR CONTRIBUTORS BE LIABLE FOR
  ~ ANY DIRECT, INDIRECT, INCIDENTAL, SPECIAL, EXEMPLARY, OR CONSEQUENTIAL DAMAGES
  ~ (INCLUDING, BUT NOT LIMITED TO, PROCUREMENT OF SUBSTITUTE GOODS OR SERVICES;
  ~ LOSS OF USE, DATA, OR PROFITS; OR BUSINESS INTERRUPTION) HOWEVER CAUSED
  ~ AND ON ANY THEORY OF LIABILITY, WHETHER IN CONTRACT, STRICT LIABILITY, OR TORT
  ~ INCLUDING NEGLIGENCE OR OTHERWISE) ARISING IN ANY WAY OUT OF THE USE OF THIS
  ~ SOFTWARE, EVEN IF ADVISED OF THE POSSIBILITY OF SUCH DAMAGE.
  -->

<eb:book xmlns:eb="http://example.com/eBook">
  <eb:title>Test Book</eb:title>
  <eb:chapter>
    <eb:title>Ch1</eb:title>
    <eb:para>p1.1</eb:para>
    <eb:para>p1.2</eb:para>
    <eb:para>p1.3</eb:para>
  </eb:chapter>
  <eb:chapter>
    <eb:title>Ch2</eb:title>
    <eb:para>p2.1</eb:para>
    <eb:para>p2.2</eb:para>
  </eb:chapter>
</eb:book>